<?xml version="1.0" encoding="UTF-8"?>
<testsuite name="GreeterTest" tests="1" skipped="0" failures="0" errors="0" timestamp="2024-09-07T22:11:29" hostname="wenyaokong-MacBook-Pro" time="0.024">
  <properties/>
  <testcase name="testThatGreeterReturnsTheCorrectGreeting()" classname="GreeterTest" time="0.024"/>
  <system-out><![CDATA[]]></system-out>
  <system-err><![CDATA[]]></system-err>
</testsuite>
